<?xml version="1.0" encoding="UTF-8"?>
<!-- Generated by org.testng.reporters.JUnitReportReporter -->
<testsuite hostname="DELL-C0HKRC2" failures="0" tests="5" name="pruebas.Laboratorio4" time="34.816" errors="0" timestamp="2021-10-02T16:04:10 ART" skipped="0">
  <testcase classname="pruebas.Laboratorio4" name="login" time="8.416"/>
  <system-out/>
  <testcase classname="pruebas.Laboratorio4" name="login" time="6.194"/>
  <system-out/>
  <testcase classname="pruebas.Laboratorio4" name="login" time="7.370"/>
  <system-out/>
  <testcase classname="pruebas.Laboratorio4" name="login" time="6.479"/>
  <system-out/>
  <testcase classname="pruebas.Laboratorio4" name="login" time="6.357"/>
  <system-out/>
</testsuite> <!-- pruebas.Laboratorio4 -->
