<?xml version="1.0" encoding="UTF-8"?>
<!-- Generated by org.testng.reporters.JUnitReportReporter -->
<testsuite hostname="DELL-C0HKRC2" failures="0" tests="1" name="Edit.EducacionIT11Sep.AppTest" time="0.001" errors="0" timestamp="2021-09-25T16:42:25 ART" skipped="0">
  <testcase classname="Edit.EducacionIT11Sep.AppTest" name="shouldAnswerWithTrue" time="0.001"/>
  <system-out/>
</testsuite> <!-- Edit.EducacionIT11Sep.AppTest -->
