<?xml version="1.0" encoding="UTF-8"?>
<!-- Generated by org.testng.reporters.JUnitReportReporter -->
<testsuite hostname="DELL-C0HKRC2" failures="0" tests="2" name="Edit.EducacionIT11Sep.Laboratorio1" time="26.673" errors="0" timestamp="2021-09-25T16:42:25 ART" skipped="0">
  <testcase classname="Edit.EducacionIT11Sep.Laboratorio1" name="abrirPaginaEnFirefox" time="15.464"/>
  <system-out/>
  <testcase classname="Edit.EducacionIT11Sep.Laboratorio1" name="abrirPaginaEnChrome" time="11.209"/>
  <system-out/>
</testsuite> <!-- Edit.EducacionIT11Sep.Laboratorio1 -->
