<?xml version="1.0" encoding="UTF-8"?>
<!-- Generated by org.testng.reporters.JUnitReportReporter -->
<testsuite hostname="DELL-C0HKRC2" failures="0" tests="5" name="pruebas.AlertTest" time="6.370" errors="0" timestamp="2021-10-02T16:54:53 ART" skipped="0">
  <testcase classname="pruebas.AlertTest" name="verAlerta3" time="0.163"/>
  <system-out/>
  <testcase classname="pruebas.AlertTest" name="verAlerta2" time="5.495"/>
  <system-out/>
  <testcase classname="pruebas.AlertTest" name="verAlerta3Cancelar" time="0.219"/>
  <system-out/>
  <testcase classname="pruebas.AlertTest" name="verAlerta4" time="0.240"/>
  <system-out/>
  <testcase classname="pruebas.AlertTest" name="verAlerta1" time="0.253"/>
  <system-out/>
</testsuite> <!-- pruebas.AlertTest -->
