<?xml version="1.0" encoding="UTF-8"?>
<!-- Generated by org.testng.reporters.JUnitReportReporter -->
<testsuite hostname="DELL-C0HKRC2" failures="0" tests="1" name="pruebas.Laboratorio3_E2" time="2.085" errors="0" timestamp="2021-09-25T17:50:25 ART" skipped="0">
  <testcase classname="pruebas.Laboratorio3_E2" name="hacerBusqueda" time="2.085"/>
  <system-out/>
</testsuite> <!-- pruebas.Laboratorio3_E2 -->
