<?xml version="1.0" encoding="UTF-8"?>
<!-- Generated by org.testng.reporters.JUnitReportReporter -->
<testsuite hostname="DELL-C0HKRC2" failures="0" tests="1" name="Edit.EducacionIT11Sep.Laboratorio3" time="1.349" errors="0" timestamp="2021-09-25T17:05:00 ART" skipped="0">
  <testcase classname="Edit.EducacionIT11Sep.Laboratorio3" name="irAContactUs" time="1.349"/>
  <system-out/>
</testsuite> <!-- Edit.EducacionIT11Sep.Laboratorio3 -->
